<?xml version="1.0" encoding="UTF-8"?>
<!-- Generated by org.testng.reporters.JUnitReportReporter -->
<testsuite hostname="GGKLen1027" name="com.ggktech.module2.TS_CreateLead" tests="1" failures="0" timestamp="3 Jul 2017 06:45:17 GMT" time="22.002" errors="0">
  <testcase name="createLeadSave" time="22.002" classname="com.ggktech.module2.TS_CreateLead"/>
</testsuite> <!-- com.ggktech.module2.TS_CreateLead -->
