<?xml version="1.0" encoding="UTF-8"?>
<!-- Generated by org.testng.reporters.JUnitReportReporter -->
<testsuite skipped="0" hostname="GGKU2SYS27" name="com.ggktech.PearUp.PU_CreatingInterests" tests="1" failures="0" timestamp="10 Jul 2018 05:44:21 GMT" time="17.533" errors="0">
  <testcase name="testScript" time="17.533" classname="com.ggktech.PearUp.PU_CreatingInterests"/>
</testsuite> <!-- com.ggktech.PearUp.PU_CreatingInterests -->
