<?xml version="1.0" encoding="UTF-8"?>
<!-- Generated by org.testng.reporters.JUnitReportReporter -->
<testsuite hostname="GGKLen1027" name="com.ggktech.module1.TS_CountNumberOfRecords" tests="2" failures="0" timestamp="28 Jun 2017 07:55:02 GMT" time="71.432" errors="0">
  <testcase name="SignIn" time="34.105" classname="com.ggktech.module1.TS_CountNumberOfRecords"/>
  <testcase name="SignIn" time="37.327" classname="com.ggktech.module1.TS_CountNumberOfRecords"/>
</testsuite> <!-- com.ggktech.module1.TS_CountNumberOfRecords -->
