<?xml version="1.0" encoding="UTF-8"?>
<!-- Generated by org.testng.reporters.JUnitReportReporter -->
<testsuite skipped="0" hostname="GGKLEN1037" name="com.ggktech.salesCRM.TS_SelectSearchLink" tests="1" failures="0" timestamp="29 Nov 2017 12:54:53 GMT" time="19.692" errors="0">
  <testcase name="searchLink" time="19.692" classname="com.ggktech.salesCRM.TS_SelectSearchLink"/>
</testsuite> <!-- com.ggktech.salesCRM.TS_SelectSearchLink -->
