<?xml version="1.0" encoding="UTF-8"?>
<!-- Generated by org.testng.reporters.JUnitReportReporter -->
<testsuite skipped="0" hostname="GGKU2SYS27" name="com.ggktech.PearUp.PU_MenuListItems" tests="1" failures="0" timestamp="10 Jul 2018 05:44:22 GMT" time="21.035" errors="0">
  <testcase name="testScript" time="21.035" classname="com.ggktech.PearUp.PU_MenuListItems"/>
</testsuite> <!-- com.ggktech.PearUp.PU_MenuListItems -->
